2023-09-02 10:24:18 DEBUG PlatformDependent0:460 - -Dio.netty.noUnsafe: false
2023-09-02 10:24:18 DEBUG PlatformDependent0:954 - Java version: 11
2023-09-02 10:24:18 DEBUG PlatformDependent0:135 - sun.misc.Unsafe.theUnsafe: available
2023-09-02 10:24:18 DEBUG PlatformDependent0:159 - sun.misc.Unsafe.copyMemory: available
2023-09-02 10:24:18 DEBUG PlatformDependent0:202 - java.nio.Buffer.address: available
2023-09-02 10:24:18 DEBUG PlatformDependent0:285 - direct buffer constructor: unavailable: Reflective setAccessible(true) disabled
2023-09-02 10:24:18 DEBUG PlatformDependent0:350 - java.nio.Bits.unaligned: available, true
2023-09-02 10:24:18 DEBUG PlatformDependent0:417 - jdk.internal.misc.Unsafe.allocateUninitializedArray(int): unavailable: class io.netty.util.internal.PlatformDependent0$6 cannot access class jdk.internal.misc.Unsafe (in module java.base) because module java.base does not export jdk.internal.misc to unnamed module @93081b6
2023-09-02 10:24:18 DEBUG PlatformDependent0:446 - java.nio.DirectByteBuffer.<init>(long, int): unavailable
2023-09-02 10:24:18 DEBUG PlatformDependent:1103 - sun.misc.Unsafe: available
2023-09-02 10:24:18 DEBUG PlatformDependent:1205 - maxDirectMemory: 1050673152 bytes (maybe)
2023-09-02 10:24:18 DEBUG PlatformDependent:1224 - -Dio.netty.tmpdir: C:\Users\ADMIN\AppData\Local\Temp (java.io.tmpdir)
2023-09-02 10:24:18 DEBUG PlatformDependent:1303 - -Dio.netty.bitMode: 64 (sun.arch.data.model)
2023-09-02 10:24:18 DEBUG PlatformDependent:1063 - Platform: Windows
2023-09-02 10:24:18 DEBUG PlatformDependent:178 - -Dio.netty.maxDirectMemory: -1 bytes
2023-09-02 10:24:18 DEBUG PlatformDependent:185 - -Dio.netty.uninitializedArrayAllocationThreshold: -1
2023-09-02 10:24:18 DEBUG CleanerJava9:71 - java.nio.ByteBuffer.cleaner(): available
2023-09-02 10:24:18 DEBUG PlatformDependent:205 - -Dio.netty.noPreferDirect: false
2023-09-02 10:24:18 DEBUG PlatformDependent:967 - org.jctools-core.MpscChunkedArrayQueue: available
2023-09-02 10:24:18 INFO  ChromeWebDriver:23 - [ Initializing chrome driver ]
2023-09-02 10:24:18 DEBUG InternalThreadLocalMap:83 - -Dio.netty.threadLocalMap.stringBuilder.initialSize: 1024
2023-09-02 10:24:18 DEBUG InternalThreadLocalMap:86 - -Dio.netty.threadLocalMap.stringBuilder.maxSize: 4096
2023-09-02 10:24:18 DEBUG JdkSslContext:97 - Default protocols (JDK): [TLSv1.3, TLSv1.2] 
2023-09-02 10:24:18 DEBUG JdkSslContext:98 - Default cipher suites (JDK): [TLS_ECDHE_ECDSA_WITH_AES_256_GCM_SHA384, TLS_ECDHE_ECDSA_WITH_AES_128_GCM_SHA256, TLS_ECDHE_RSA_WITH_AES_128_GCM_SHA256, TLS_ECDHE_RSA_WITH_AES_256_GCM_SHA384, TLS_ECDHE_RSA_WITH_AES_128_CBC_SHA, TLS_ECDHE_RSA_WITH_AES_256_CBC_SHA, TLS_RSA_WITH_AES_128_GCM_SHA256, TLS_RSA_WITH_AES_128_CBC_SHA, TLS_RSA_WITH_AES_256_CBC_SHA, TLS_AES_128_GCM_SHA256, TLS_AES_256_GCM_SHA384]
2023-09-02 10:24:18 DEBUG MultithreadEventLoopGroup:44 - -Dio.netty.eventLoopThreads: 8
2023-09-02 10:24:18 DEBUG NioEventLoop:106 - -Dio.netty.noKeySetOptimization: false
2023-09-02 10:24:18 DEBUG NioEventLoop:107 - -Dio.netty.selectorAutoRebuildThreshold: 512
2023-09-02 10:24:18 DEBUG PooledByteBufAllocator:155 - -Dio.netty.allocator.numHeapArenas: 8
2023-09-02 10:24:18 DEBUG PooledByteBufAllocator:156 - -Dio.netty.allocator.numDirectArenas: 8
2023-09-02 10:24:18 DEBUG PooledByteBufAllocator:158 - -Dio.netty.allocator.pageSize: 8192
2023-09-02 10:24:18 DEBUG PooledByteBufAllocator:163 - -Dio.netty.allocator.maxOrder: 11
2023-09-02 10:24:18 DEBUG PooledByteBufAllocator:167 - -Dio.netty.allocator.chunkSize: 16777216
2023-09-02 10:24:18 DEBUG PooledByteBufAllocator:168 - -Dio.netty.allocator.smallCacheSize: 256
2023-09-02 10:24:18 DEBUG PooledByteBufAllocator:169 - -Dio.netty.allocator.normalCacheSize: 64
2023-09-02 10:24:18 DEBUG PooledByteBufAllocator:170 - -Dio.netty.allocator.maxCachedBufferCapacity: 32768
2023-09-02 10:24:18 DEBUG PooledByteBufAllocator:171 - -Dio.netty.allocator.cacheTrimInterval: 8192
2023-09-02 10:24:18 DEBUG PooledByteBufAllocator:172 - -Dio.netty.allocator.cacheTrimIntervalMillis: 0
2023-09-02 10:24:18 DEBUG PooledByteBufAllocator:173 - -Dio.netty.allocator.useCacheForAllThreads: true
2023-09-02 10:24:18 DEBUG PooledByteBufAllocator:174 - -Dio.netty.allocator.maxCachedByteBuffersPerChunk: 1023
2023-09-02 10:24:18 DEBUG ByteBufUtil:87 - -Dio.netty.allocator.type: pooled
2023-09-02 10:24:18 DEBUG ByteBufUtil:96 - -Dio.netty.threadLocalDirectBufferSize: 0
2023-09-02 10:24:18 DEBUG ByteBufUtil:99 - -Dio.netty.maxThreadLocalCharBufferSize: 16384
2023-09-02 10:24:21 DEBUG DefaultChannelId:79 - -Dio.netty.processId: 12300 (auto-detected)
2023-09-02 10:24:21 DEBUG NetUtil:135 - -Djava.net.preferIPv4Stack: false
2023-09-02 10:24:21 DEBUG NetUtil:136 - -Djava.net.preferIPv6Addresses: false
2023-09-02 10:24:21 DEBUG NetUtilInitializations:129 - Loopback interface: lo (Software Loopback Interface 1, 127.0.0.1)
2023-09-02 10:24:21 DEBUG NetUtil:187 - Failed to get SOMAXCONN from sysctl and file \proc\sys\net\core\somaxconn. Default: 200
2023-09-02 10:24:21 DEBUG DefaultChannelId:101 - -Dio.netty.machineId: 80:2b:f9:ff:fe:2b:dc:cf (auto-detected)
2023-09-02 10:24:21 DEBUG AbstractByteBuf:63 - -Dio.netty.buffer.checkAccessible: true
2023-09-02 10:24:21 DEBUG AbstractByteBuf:64 - -Dio.netty.buffer.checkBounds: true
2023-09-02 10:24:21 DEBUG ResourceLeakDetectorFactory:196 - Loaded default ResourceLeakDetector: io.netty.util.ResourceLeakDetector@334d5c24
2023-09-02 10:24:22 DEBUG Recycler:103 - -Dio.netty.recycler.maxCapacityPerThread: 4096
2023-09-02 10:24:22 DEBUG Recycler:104 - -Dio.netty.recycler.maxSharedCapacityFactor: 2
2023-09-02 10:24:22 DEBUG Recycler:105 - -Dio.netty.recycler.linkCapacity: 16
2023-09-02 10:24:22 DEBUG Recycler:106 - -Dio.netty.recycler.ratio: 8
2023-09-02 10:24:22 DEBUG Recycler:107 - -Dio.netty.recycler.delayedQueue.ratio: 8
2023-09-02 10:24:24 DEBUG Brotli:38 - brotli4j not in the classpath; Brotli support will be unavailable.
2023-09-02 10:24:25 DEBUG ThreadLocalRandom:214 - -Dio.netty.initialSeedUniquifier: 0x0c3c0f75fe77cf9a
2023-09-02 10:24:25 INFO  111|Test browser methods:40 - Started execuation of scenerio : > ***** 111|Test browser methods *****
2023-09-02 10:24:25 INFO  124578789456|Test table methods:40 - Started execuation of scenerio : > ***** 124578789456|Test table methods *****
2023-09-02 10:24:34 INFO  OrangeWebElement:124 - Entering text : Admin
2023-09-02 10:24:35 INFO  OrangeWebElement:124 - Entering text : Admin
2023-09-02 10:24:35 INFO  OrangeWebElement:124 - Entering text : admin123
2023-09-02 10:24:35 INFO  OrangeWebElement:124 - Entering text : admin123
2023-09-02 10:24:35 INFO  OrangeWebElement:62 - Clicking on Login
2023-09-02 10:24:35 INFO  OrangeWebElement:62 - Clicking on Login
2023-09-02 10:24:41 INFO  OrangeWebElement:62 - Clicking on Recruitment
2023-09-02 10:24:41 INFO  OrangeWebElement:62 - Clicking on Recruitment
2023-09-02 10:24:43 INFO  ChromeWebDriver:23 - [ Initializing chrome driver ]
2023-09-02 10:24:46 INFO  OrangeTableElement:161 - Captured elements of column : Status
2023-09-02 10:24:47 INFO  OrangeTableElement:161 - Captured elements of column : Status
2023-09-02 10:24:48 INFO  OrangeWebElement:62 - Clicking on Time
2023-09-02 10:24:51 INFO  111|Test browser methods:64 - Finished execuation of scenario : > *****111|Test browser methods *****
2023-09-02 10:24:51 INFO  111|Test browser methods:65 - [ closing driver ]
2023-09-02 10:25:05 INFO  OrangeWebElement:62 - Clicking on PIM
2023-09-02 10:25:11 INFO  OrangeTableElement:161 - Captured elements of column : First (& Middle) Name
2023-09-02 10:25:14 INFO  OrangeUtils:685 - Scrolling on Admin
PIM
Leave
Time
Recruitment
My Info
Performance
Dashboard
Directory
Maintenance
Claim
Buzz
PIM
Paul Collings
Configuration
Employee List
Add Employee
Reports
Employee Information
Employee Name
Employee Id
Employment Status
-- Select --
Include
Current Employees Only
Supervisor Name
Job Title
-- Select --
Sub Unit
-- Select --
Reset
Search

Add
(56) Records Found
Id
First (& Middle) Name
Last Name
Job Title
Employment Status
Sub Unit
Supervisor
Actions
0038
Aaliyah
Haq
QA Lead
Full-Time Permanent
Quality Assurance
Odis Adalwin
0221
Alice
Duval
Account Assistant
Full-Time Contract
Finance
Kevin Mathews
0263123456
Anath Gopal
Krishna
0259123456
Anath Gopal
Krishna
0262123456
Anath Gopal
Krishna
025812345
Anath Gopal
Krishna
0270123456
Anath Gopal1
Krishna
0267123456
Anath Gopal1
Krishna
0265123456
Anath Gopal
Krishna
0260123456
Anath Gopal
Krishna
0269123456
Anath Gopal1
Krishna
0266123456
Anath Gopal
Krishna
0251777
Andrei Vlademir
Ionescu
0253777
Andrei Vlademir
Ionescu
0070
Anthony
Nolan
Sales Representative
Full-Time Probation
Sales
Linda Anderson
0046
Cassidy
Hope
IT Manager
Part-Time Contract
TechOps
Odis Adalwin
0204
Cecil
Bonaparte
Software Engineer
Full-Time Permanent
Development
Fiona Grace
0212
Charlie
Carter
QA Engineer
Full-Time Probation
Quality Assurance
Aaliyah Haq
0217
Chenzira
Chuki
QA Engineer
Full-Time Permanent
Quality Assurance
Aaliyah Haq
0066
David
Morris
Account Assistant
Full-Time Permanent
Finance
Kevin Mathews
0020
Dominic
Chase
VP - Client Services
Full-Time Permanent
Administration
John Smith
0227
Ehioze
Ebo
Account Assistant
Full-Time Probation
Finance
Kevin Mathews
0029
Fiona
Grace
Software Architect
Full-Time Permanent
Development
Odis Adalwin
0099
Garry
White
HR Associate
Full-Time Permanent
Human Resources
Paul Collings
0235
Goutam
Ganesh
Sales Representative
Full-Time Permanent
Sales
Linda Anderson
0095
Jacqueline
White
Support Specialist
Full-Time Contract
Technical Support
Dominic Chase
0243
Jadine
Jackie
HR Associate
Full-Time Probation
Human Resources
Paul Collings
0062
Jasmine
Morgan
Financial Analyst
Full-Time Probation
Finance
Kevin Mathews
0083
Joe
Root
Content Specialist
Full-Time Probation
Marketing
Melan Peiris
0011
John
Smith
Chief Executive Officer
Full-Time Permanent
Administration
0054
Jordan
Mathews
Database Administrator
Full-Time Contract
TechOps
Cassidy Hope
0254
Jyoti
Jadhav
0058
Kevin
Mathews
Finance Manager
Full-Time Permanent
Finance
Peter Anderson
0239
Kiyara
Hu
HR Associate
Full-Time Permanent
Human Resources
Paul Collings
0016
Linda Jane
Anderson
VP - Sales & Marketing
Full-Time Permanent
Administration
John Smith
0208
Lisa
Andrews
Software Engineer
Full-Time Probation
Development
Fiona Grace
0091
Luke
Wright
Head of Support
Full-Time Permanent
Technical Support
Dominic Chase
0050
Maggie
Manning
Network Administrator
Full-Time Probation
TechOps
Cassidy Hope
0078
Melan
Peiris
Social Media Marketer
Full-Time Permanent
Marketing
Linda Anderson
mohan
k
IT Manager
0256
Murali
Krishna
0231
Nathan
Elliot
Sales Representative
Full-Time Probation
Sales
Linda Anderson
0074
Nina
Patel
Pre-Sales Coordinator
Full-Time Contract
Sales
Anthony Nolan
0002
Odis
Adalwin
Chief Technical Officer
Full-Time Permanent
Administration
John Smith
326849
Orange
Test
0024
Paul
Collings
HR Manager
Full-Time Permanent
Human Resources
John Smith
0007
Peter Mac
Anderson
Chief Financial Officer
Full-Time Probation
Administration
John Smith
0247
Rahul Mulge
Patil
3322
Ravi M
B
0042
Rebecca
Harmony
QA Engineer
Full-Time Contract
Quality Assurance
Aaliyah Haq
1
2
OrangeHRM OS 5.5
© 2005 - 2023 OrangeHRM, Inc. All rights reserved.
2023-09-02 10:25:16 INFO  OrangeWebElement:62 - Clicking on Paul Collings
2023-09-02 10:25:16 INFO  OrangeWebElement:62 - Clicking on Logout
2023-09-02 10:25:17 INFO  124578789456|Test table methods:64 - Finished execuation of scenario : > *****124578789456|Test table methods *****
2023-09-02 10:25:17 INFO  124578789456|Test table methods:65 - [ closing driver ]
