[Service-2]05/Nov/2023 01:34:09 PM INFO  [   ChromeWebDriver.java] -> [ Initializing chrome driver ]
[Service-2]05/Nov/2023 01:34:50 PM INFO  [     CucumberHooks.java] -> Started execuation of scenerio : > ***** 124578|Test dashboard widget *****
[Service-1]05/Nov/2023 01:34:50 PM INFO  [     CucumberHooks.java] -> Started execuation of scenerio : > ***** 125689|Test report steps *****
[Service-0]05/Nov/2023 01:34:50 PM INFO  [     CucumberHooks.java] -> Started execuation of scenerio : > ***** 123456|Test *****
[Service-2]05/Nov/2023 01:35:01 PM INFO  [  OrangeWebElement.java] -> Entering text : Admin
[Service-2]05/Nov/2023 01:35:01 PM INFO  [  OrangeWebElement.java] -> Entering text : admin123
[Service-2]05/Nov/2023 01:35:02 PM INFO  [  OrangeWebElement.java] -> Clicking on Login
[Service-0]05/Nov/2023 01:35:02 PM INFO  [  OrangeWebElement.java] -> Entering text : Admin
[Service-1]05/Nov/2023 01:35:02 PM INFO  [  OrangeWebElement.java] -> Entering text : Admin
[Service-0]05/Nov/2023 01:35:03 PM INFO  [  OrangeWebElement.java] -> Entering text : admin123
[Service-1]05/Nov/2023 01:35:03 PM INFO  [  OrangeWebElement.java] -> Entering text : admin123
[Service-0]05/Nov/2023 01:35:03 PM INFO  [  OrangeWebElement.java] -> Clicking on Login
[Service-1]05/Nov/2023 01:35:04 PM INFO  [  OrangeWebElement.java] -> Clicking on Login
[Service-0]05/Nov/2023 01:35:12 PM INFO  [  OrangeWebElement.java] -> Clicking on Performance
[Service-1]05/Nov/2023 01:35:12 PM INFO  [  OrangeWebElement.java] -> Clicking on Leave
[Service-2]05/Nov/2023 01:35:15 PM INFO  [  OrangeWebElement.java] -> Clicking on Paul Collings
[Service-2]05/Nov/2023 01:35:16 PM INFO  [  OrangeWebElement.java] -> Clicking on Logout
[Service-0]05/Nov/2023 01:35:16 PM INFO  [  OrangeWebElement.java] -> Clicking on 
[Service-2]05/Nov/2023 01:35:17 PM INFO  [     CucumberHooks.java] -> Finished execuation of scenario : > *****124578|Test dashboard widget *****
[Service-2]05/Nov/2023 01:35:17 PM INFO  [     CucumberHooks.java] -> [ closing driver ]
[Service-0]05/Nov/2023 01:35:17 PM INFO  [  OrangeWebElement.java] -> Clicking on 2023
[Service-1]05/Nov/2023 01:35:19 PM INFO  [  OrangeWebElement.java] -> Clicking on Reports
[Service-1]05/Nov/2023 01:35:19 PM INFO  [  OrangeWebElement.java] -> Clicking on Leave Entitlements and Usage Report
[Service-2]05/Nov/2023 01:35:19 PM INFO  [   ChromeWebDriver.java] -> [ Initializing chrome driver ]
[Service-0]05/Nov/2023 01:35:23 PM INFO  [     CucumberHooks.java] -> Scenerio Failed... Taking Screenshot
[Service-2]05/Nov/2023 01:35:25 PM INFO  [     CucumberHooks.java] -> Started execuation of scenerio : > ***** 124578789456|Test table methods *****
[Service-0]05/Nov/2023 01:35:31 PM INFO  [  OrangeWebElement.java] -> Clicking on Paul Collings
[Service-0]05/Nov/2023 01:35:31 PM INFO  [  OrangeWebElement.java] -> Clicking on Logout
[Service-0]05/Nov/2023 01:35:33 PM INFO  [     CucumberHooks.java] -> Finished execuation of scenario : > *****123456|Test *****
[Service-0]05/Nov/2023 01:35:33 PM INFO  [     CucumberHooks.java] -> [ closing driver ]
[Service-2]05/Nov/2023 01:35:36 PM INFO  [  OrangeWebElement.java] -> Entering text : Admin
[Service-2]05/Nov/2023 01:35:36 PM INFO  [  OrangeWebElement.java] -> Entering text : admin123
[Service-2]05/Nov/2023 01:35:37 PM INFO  [  OrangeWebElement.java] -> Clicking on Login
[Service-2]05/Nov/2023 01:35:41 PM INFO  [  OrangeWebElement.java] -> Clicking on Recruitment
[Service-2]05/Nov/2023 01:35:47 PM INFO  [OrangeTableElement.java] -> Captured elements of column : Status
[Service-2]05/Nov/2023 01:35:48 PM INFO  [OrangeTableElement.java] -> Captured elements of column : Status
[Service-2]05/Nov/2023 01:35:48 PM INFO  [  OrangeWebElement.java] -> Clicking on Time
[Service-2]05/Nov/2023 01:36:05 PM INFO  [  OrangeWebElement.java] -> Clicking on PIM
[Service-2]05/Nov/2023 01:36:10 PM INFO  [OrangeTableElement.java] -> Captured elements of column : First (& Middle) Name
[Service-2]05/Nov/2023 01:36:13 PM INFO  [       OrangeUtils.java] -> Scrolling on Admin
PIM
Leave
Time
Recruitment
My Info
Performance
Dashboard
Directory
Maintenance
Claim
Buzz
PIM
Paul Collings
Configuration
Employee List
Add Employee
Reports
Employee Information
Employee Name
Employee Id
Employment Status
-- Select --
Include
Current Employees Only
Supervisor Name
Job Title
-- Select --
Sub Unit
-- Select --
Reset
Search

Add
(44) Records Found
Id
First (& Middle) Name
Last Name
Job Title
Employment Status
Sub Unit
Supervisor
Actions
0038
Aaliyah
Haq
QA Lead
Full-Time Permanent
Quality Assurance
Odis Adalwin
0221
Alice
Duval
Account Assistant
Full-Time Contract
Finance
Kevin Mathews
0251777
Andrei Vlademir
Ionescu
0253777
Andrei Vlademir
Ionescu
0070
Anthony
Nolan
Sales Representative
Full-Time Probation
Sales
Linda Anderson
0046
Cassidy
Hope
IT Manager
Part-Time Contract
TechOps
Odis Adalwin
0204
Cecil
Bonaparte
Software Engineer
Full-Time Permanent
Development
Fiona Grace
0212
Charlie
Carter
QA Engineer
Full-Time Probation
Quality Assurance
Aaliyah Haq
0217
Chenzira
Chuki
QA Engineer
Full-Time Permanent
Quality Assurance
Aaliyah Haq
0066
David
Morris
Account Assistant
Full-Time Permanent
Finance
Kevin Mathews
0020
Dominic
Chase
VP - Client Services
Full-Time Permanent
Administration
John Smith
0227
Ehioze
Ebo
Account Assistant
Full-Time Probation
Finance
Kevin Mathews
0029
Fiona
Grace
Software Architect
Full-Time Permanent
Development
Odis Adalwin
0099
Garry
White
HR Associate
Full-Time Permanent
Human Resources
Paul Collings
0235
Goutam
Ganesh
Sales Representative
Full-Time Permanent
Sales
Linda Anderson
0095
Jacqueline
White
Support Specialist
Full-Time Contract
Technical Support
Dominic Chase
0243
Jadine
Jackie
HR Associate
Full-Time Probation
Human Resources
Paul Collings
0062
Jasmine
Morgan
Financial Analyst
Full-Time Probation
Finance
Kevin Mathews
0083
Joe
Root
Content Specialist
Full-Time Probation
Marketing
Melan Peiris
0011
John
Smith
Chief Executive Officer
Full-Time Permanent
Administration
0054
Jordan
Mathews
Database Administrator
Full-Time Contract
TechOps
Cassidy Hope
0254
Jyoti
Jadhav
0058
Kevin
Mathews
Finance Manager
Full-Time Permanent
Finance
Peter Anderson
0239
Kiyara
Hu
HR Associate
Full-Time Permanent
Human Resources
Paul Collings
0016
Linda Jane
Anderson
VP - Sales & Marketing
Full-Time Permanent
Administration
John Smith
0208
Lisa
Andrews
Software Engineer
Full-Time Probation
Development
Fiona Grace
0091
Luke
Wright
Head of Support
Full-Time Permanent
Technical Support
Dominic Chase
0050
Maggie
Manning
Network Administrator
Full-Time Probation
TechOps
Cassidy Hope
0078
Melan
Peiris
Social Media Marketer
Full-Time Permanent
Marketing
Linda Anderson
mohan
k
IT Manager
0231
Nathan
Elliot
Sales Representative
Full-Time Probation
Sales
Linda Anderson
0256
newtest
user
0074
Nina
Patel
Pre-Sales Coordinator
Full-Time Contract
Sales
Anthony Nolan
0002
Odis
Adalwin
Chief Technical Officer
Full-Time Permanent
Administration
John Smith
0001
Orange
Test
0024
Paul
Collings
HR Manager
Full-Time Permanent
Human Resources
John Smith
0007
Peter Mac
Anderson
Chief Financial Officer
Full-Time Probation
Administration
John Smith
0247
Rahul Mulge
Patil
3322
Ravi M
B
0042
Rebecca
Harmony
QA Engineer
Full-Time Contract
Quality Assurance
Aaliyah Haq
0034
Russel
Hamilton
Software Engineer
Full-Time Permanent
Development
Fiona Grace
0087
Sania
Shaheen
Customer Success Manager
Full-Time Permanent
Technical Support
Dominic Chase
0103
Sara
Tencrady
Payroll Administrator
Full-Time Permanent
Human Resources
Paul Collings
0249
Virat
Kohli
OrangeHRM OS 5.5
© 2005 - 2023 OrangeHRM, Inc. All rights reserved.
[Service-2]05/Nov/2023 01:36:15 PM INFO  [  OrangeWebElement.java] -> Clicking on Paul Collings
[Service-2]05/Nov/2023 01:36:15 PM INFO  [  OrangeWebElement.java] -> Clicking on Logout
[Service-2]05/Nov/2023 01:36:17 PM INFO  [     CucumberHooks.java] -> Finished execuation of scenario : > *****124578789456|Test table methods *****
[Service-2]05/Nov/2023 01:36:17 PM INFO  [     CucumberHooks.java] -> [ closing driver ]
[Service-1]05/Nov/2023 01:37:20 PM INFO  [     CucumberHooks.java] -> Finished execuation of scenario : > *****125689|Test report steps *****
[Service-1]05/Nov/2023 01:37:20 PM INFO  [     CucumberHooks.java] -> [ closing driver ]
