[Service-0]11/Oct/2023 09:19:12 PM INFO  [   ChromeWebDriver.java] -> [ Initializing chrome driver ]
[Service-0]11/Oct/2023 09:19:40 PM INFO  [     CucumberHooks.java] -> Started execuation of scenerio : > ***** 123456|Test *****
[Service-2]11/Oct/2023 09:19:40 PM INFO  [     CucumberHooks.java] -> Started execuation of scenerio : > ***** 125689|Test report steps *****
[Service-1]11/Oct/2023 09:19:40 PM INFO  [     CucumberHooks.java] -> Started execuation of scenerio : > ***** 457896|Test file upload *****
[Service-0]11/Oct/2023 09:19:40 PM INFO  [     CucumberHooks.java] -> Scenerio Failed... Taking Screenshot
[Service-0]11/Oct/2023 09:19:40 PM INFO  [     CucumberHooks.java] -> Couldn't capture screenshot
[Service-0]11/Oct/2023 09:19:40 PM INFO  [     CucumberHooks.java] -> Finished execuation of scenario : > *****123456|Test *****
[Service-0]11/Oct/2023 09:19:40 PM INFO  [     CucumberHooks.java] -> [ closing driver ]
[Service-0]11/Oct/2023 09:19:41 PM INFO  [   ChromeWebDriver.java] -> [ Initializing chrome driver ]
[Service-0]11/Oct/2023 09:19:45 PM INFO  [     CucumberHooks.java] -> Started execuation of scenerio : > ***** 124578|Test dashboard widget *****
[Service-2]11/Oct/2023 09:22:40 PM INFO  [     CucumberHooks.java] -> Scenerio Failed... Taking Screenshot
[Service-1]11/Oct/2023 09:22:40 PM INFO  [     CucumberHooks.java] -> Scenerio Failed... Taking Screenshot
[Service-0]11/Oct/2023 09:22:45 PM INFO  [     CucumberHooks.java] -> Scenerio Failed... Taking Screenshot
[Service-2]11/Oct/2023 09:25:31 PM INFO  [     CucumberHooks.java] -> Finished execuation of scenario : > *****125689|Test report steps *****
[Service-2]11/Oct/2023 09:25:31 PM INFO  [     CucumberHooks.java] -> [ closing driver ]
[Service-2]11/Oct/2023 09:25:32 PM INFO  [   ChromeWebDriver.java] -> [ Initializing chrome driver ]
[Service-2]11/Oct/2023 09:25:36 PM INFO  [     CucumberHooks.java] -> Started execuation of scenerio : > ***** 124578789456|Test table methods *****
[Service-1]11/Oct/2023 09:25:44 PM INFO  [     CucumberHooks.java] -> Finished execuation of scenario : > *****457896|Test file upload *****
[Service-1]11/Oct/2023 09:25:44 PM INFO  [     CucumberHooks.java] -> [ closing driver ]
[Service-1]11/Oct/2023 09:25:44 PM INFO  [   ChromeWebDriver.java] -> [ Initializing chrome driver ]
[Service-1]11/Oct/2023 09:25:48 PM INFO  [     CucumberHooks.java] -> Started execuation of scenerio : > ***** 111|Test browser methods *****
[Service-0]11/Oct/2023 09:26:38 PM INFO  [     CucumberHooks.java] -> Finished execuation of scenario : > *****124578|Test dashboard widget *****
[Service-0]11/Oct/2023 09:26:38 PM INFO  [     CucumberHooks.java] -> [ closing driver ]
[Service-0]11/Oct/2023 09:26:38 PM INFO  [   ChromeWebDriver.java] -> [ Initializing chrome driver ]
[Service-0]11/Oct/2023 09:26:42 PM ERROR [       OrangeUtils.java] -> ***** Test Case: 1111|Test through consoleNot found in Test Data sheet for environment : orangeHrm . Please add an entry of this test case.*****
[Service-0]11/Oct/2023 09:26:42 PM INFO  [     CucumberHooks.java] -> Started execuation of scenerio : > ***** 1111|Test through console *****
[Service-0]11/Oct/2023 09:26:42 PM INFO  [     CucumberHooks.java] -> Finished execuation of scenario : > *****1111|Test through console *****
[Service-0]11/Oct/2023 09:26:42 PM INFO  [     CucumberHooks.java] -> [ closing driver ]
[Service-2]11/Oct/2023 09:28:36 PM INFO  [     CucumberHooks.java] -> Scenerio Failed... Taking Screenshot
[Service-1]11/Oct/2023 09:29:37 PM INFO  [     CucumberHooks.java] -> Scenerio Failed... Taking Screenshot
[Service-1]11/Oct/2023 09:31:39 PM INFO  [     CucumberHooks.java] -> Finished execuation of scenario : > *****111|Test browser methods *****
[Service-1]11/Oct/2023 09:31:39 PM INFO  [     CucumberHooks.java] -> [ closing driver ]
[Service-2]11/Oct/2023 09:32:39 PM INFO  [     CucumberHooks.java] -> Finished execuation of scenario : > *****124578789456|Test table methods *****
[Service-2]11/Oct/2023 09:32:39 PM INFO  [     CucumberHooks.java] -> [ closing driver ]
