2023-08-25 13:27:06 INFO  ChromeWebDriver:23 - [ Initializing chrome driver ]
2023-08-25 13:27:06 DEBUG JdkSslContext:97 - Default protocols (JDK): [TLSv1.3, TLSv1.2] 
2023-08-25 13:27:06 DEBUG JdkSslContext:98 - Default cipher suites (JDK): [TLS_ECDHE_ECDSA_WITH_AES_256_GCM_SHA384, TLS_ECDHE_ECDSA_WITH_AES_128_GCM_SHA256, TLS_ECDHE_RSA_WITH_AES_128_GCM_SHA256, TLS_ECDHE_RSA_WITH_AES_256_GCM_SHA384, TLS_ECDHE_RSA_WITH_AES_128_CBC_SHA, TLS_ECDHE_RSA_WITH_AES_256_CBC_SHA, TLS_RSA_WITH_AES_128_GCM_SHA256, TLS_RSA_WITH_AES_128_CBC_SHA, TLS_RSA_WITH_AES_256_CBC_SHA, TLS_AES_128_GCM_SHA256, TLS_AES_256_GCM_SHA384]
2023-08-25 13:27:06 DEBUG MultithreadEventLoopGroup:44 - -Dio.netty.eventLoopThreads: 8
2023-08-25 13:27:06 DEBUG NioEventLoop:106 - -Dio.netty.noKeySetOptimization: false
2023-08-25 13:27:06 DEBUG NioEventLoop:107 - -Dio.netty.selectorAutoRebuildThreshold: 512
2023-08-25 13:27:06 DEBUG PooledByteBufAllocator:155 - -Dio.netty.allocator.numHeapArenas: 8
2023-08-25 13:27:06 DEBUG PooledByteBufAllocator:156 - -Dio.netty.allocator.numDirectArenas: 8
2023-08-25 13:27:06 DEBUG PooledByteBufAllocator:158 - -Dio.netty.allocator.pageSize: 8192
2023-08-25 13:27:06 DEBUG PooledByteBufAllocator:163 - -Dio.netty.allocator.maxOrder: 11
2023-08-25 13:27:06 DEBUG PooledByteBufAllocator:167 - -Dio.netty.allocator.chunkSize: 16777216
2023-08-25 13:27:06 DEBUG PooledByteBufAllocator:168 - -Dio.netty.allocator.smallCacheSize: 256
2023-08-25 13:27:06 DEBUG PooledByteBufAllocator:169 - -Dio.netty.allocator.normalCacheSize: 64
2023-08-25 13:27:06 DEBUG PooledByteBufAllocator:170 - -Dio.netty.allocator.maxCachedBufferCapacity: 32768
2023-08-25 13:27:06 DEBUG PooledByteBufAllocator:171 - -Dio.netty.allocator.cacheTrimInterval: 8192
2023-08-25 13:27:06 DEBUG PooledByteBufAllocator:172 - -Dio.netty.allocator.cacheTrimIntervalMillis: 0
2023-08-25 13:27:06 DEBUG PooledByteBufAllocator:173 - -Dio.netty.allocator.useCacheForAllThreads: true
2023-08-25 13:27:06 DEBUG PooledByteBufAllocator:174 - -Dio.netty.allocator.maxCachedByteBuffersPerChunk: 1023
2023-08-25 13:27:06 DEBUG ByteBufUtil:87 - -Dio.netty.allocator.type: pooled
2023-08-25 13:27:06 DEBUG ByteBufUtil:96 - -Dio.netty.threadLocalDirectBufferSize: 0
2023-08-25 13:27:06 DEBUG ByteBufUtil:99 - -Dio.netty.maxThreadLocalCharBufferSize: 16384
2023-08-25 13:27:07 DEBUG DefaultChannelId:79 - -Dio.netty.processId: 2316 (auto-detected)
2023-08-25 13:27:07 DEBUG NetUtil:135 - -Djava.net.preferIPv4Stack: false
2023-08-25 13:27:07 DEBUG NetUtil:136 - -Djava.net.preferIPv6Addresses: false
2023-08-25 13:27:07 DEBUG NetUtilInitializations:129 - Loopback interface: lo (Software Loopback Interface 1, 127.0.0.1)
2023-08-25 13:27:07 DEBUG NetUtil:187 - Failed to get SOMAXCONN from sysctl and file \proc\sys\net\core\somaxconn. Default: 200
2023-08-25 13:27:08 DEBUG DefaultChannelId:101 - -Dio.netty.machineId: 80:2b:f9:ff:fe:2b:dc:cf (auto-detected)
2023-08-25 13:27:08 DEBUG AbstractByteBuf:63 - -Dio.netty.buffer.checkAccessible: true
2023-08-25 13:27:08 DEBUG AbstractByteBuf:64 - -Dio.netty.buffer.checkBounds: true
2023-08-25 13:27:08 DEBUG ResourceLeakDetectorFactory:196 - Loaded default ResourceLeakDetector: io.netty.util.ResourceLeakDetector@6668f1af
2023-08-25 13:27:08 DEBUG Recycler:103 - -Dio.netty.recycler.maxCapacityPerThread: 4096
2023-08-25 13:27:08 DEBUG Recycler:104 - -Dio.netty.recycler.maxSharedCapacityFactor: 2
2023-08-25 13:27:08 DEBUG Recycler:105 - -Dio.netty.recycler.linkCapacity: 16
2023-08-25 13:27:08 DEBUG Recycler:106 - -Dio.netty.recycler.ratio: 8
2023-08-25 13:27:08 DEBUG Recycler:107 - -Dio.netty.recycler.delayedQueue.ratio: 8
2023-08-25 13:27:11 DEBUG Brotli:38 - brotli4j not in the classpath; Brotli support will be unavailable.
2023-08-25 13:27:12 DEBUG ThreadLocalRandom:214 - -Dio.netty.initialSeedUniquifier: 0x5cbcbd63426bbd23
2023-08-25 13:27:12 INFO  124578789456|Test table methods:40 - Started execuation of scenerio : > ***** 124578789456|Test table methods *****
2023-08-25 13:27:12 INFO  111|Test browser methods:40 - Started execuation of scenerio : > ***** 111|Test browser methods *****
2023-08-25 13:27:20 INFO  OrangeWebElement:124 - Entering text : Admin
2023-08-25 13:27:20 INFO  OrangeWebElement:124 - Entering text : Admin
2023-08-25 13:27:21 INFO  OrangeWebElement:124 - Entering text : admin123
2023-08-25 13:27:21 INFO  OrangeWebElement:124 - Entering text : admin123
2023-08-25 13:27:21 INFO  OrangeWebElement:62 - Clicking on Login
2023-08-25 13:27:21 INFO  OrangeWebElement:62 - Clicking on Login
2023-08-25 13:27:26 INFO  OrangeWebElement:62 - Clicking on Recruitment
2023-08-25 13:27:26 INFO  OrangeWebElement:62 - Clicking on Recruitment
2023-08-25 13:27:29 INFO  ChromeWebDriver:23 - [ Initializing chrome driver ]
2023-08-25 13:27:32 INFO  OrangeTableElement:161 - Captured elements of column : Status
2023-08-25 13:27:32 INFO  124578789456|Test table methods:47 - Scenerio Failed... Taking Screenshot
2023-08-25 13:27:36 INFO  111|Test browser methods:64 - Finished execuation of scenario : > *****111|Test browser methods *****
2023-08-25 13:27:36 INFO  111|Test browser methods:65 - [ closing driver ]
2023-08-25 13:27:41 INFO  OrangeWebElement:62 - Clicking on AkshayPritika ThoratSomase
2023-08-25 13:27:42 INFO  OrangeWebElement:62 - Clicking on Logout
2023-08-25 13:27:43 INFO  124578789456|Test table methods:64 - Finished execuation of scenario : > *****124578789456|Test table methods *****
2023-08-25 13:27:43 INFO  124578789456|Test table methods:65 - [ closing driver ]
