2023-08-25 13:12:16 INFO  ChromeWebDriver:23 - [ Initializing chrome driver ]
2023-08-25 13:12:19 DEBUG InternalLoggerFactory:76 - Using Log4J2 as the default logging framework
2023-08-25 13:12:19 DEBUG ResourceLeakDetector:129 - -Dio.netty.leakDetection.level: simple
2023-08-25 13:12:19 DEBUG ResourceLeakDetector:130 - -Dio.netty.leakDetection.targetRecords: 4
2023-08-25 13:12:19 DEBUG ResourceLeakDetectorFactory:196 - Loaded default ResourceLeakDetector: io.netty.util.ResourceLeakDetector@1433636a
2023-08-25 13:12:19 DEBUG PlatformDependent0:460 - -Dio.netty.noUnsafe: false
2023-08-25 13:12:19 DEBUG PlatformDependent0:954 - Java version: 11
2023-08-25 13:12:19 DEBUG PlatformDependent0:135 - sun.misc.Unsafe.theUnsafe: available
2023-08-25 13:12:19 DEBUG PlatformDependent0:159 - sun.misc.Unsafe.copyMemory: available
2023-08-25 13:12:19 DEBUG PlatformDependent0:202 - java.nio.Buffer.address: available
2023-08-25 13:12:19 DEBUG PlatformDependent0:285 - direct buffer constructor: unavailable: Reflective setAccessible(true) disabled
2023-08-25 13:12:19 DEBUG PlatformDependent0:350 - java.nio.Bits.unaligned: available, true
2023-08-25 13:12:19 DEBUG PlatformDependent0:417 - jdk.internal.misc.Unsafe.allocateUninitializedArray(int): unavailable: class io.netty.util.internal.PlatformDependent0$6 cannot access class jdk.internal.misc.Unsafe (in module java.base) because module java.base does not export jdk.internal.misc to unnamed module @93081b6
2023-08-25 13:12:19 DEBUG PlatformDependent0:446 - java.nio.DirectByteBuffer.<init>(long, int): unavailable
2023-08-25 13:12:19 DEBUG PlatformDependent:1103 - sun.misc.Unsafe: available
2023-08-25 13:12:19 DEBUG PlatformDependent:1205 - maxDirectMemory: 1050673152 bytes (maybe)
2023-08-25 13:12:19 DEBUG PlatformDependent:1224 - -Dio.netty.tmpdir: C:\Users\ADMIN\AppData\Local\Temp (java.io.tmpdir)
2023-08-25 13:12:19 DEBUG PlatformDependent:1303 - -Dio.netty.bitMode: 64 (sun.arch.data.model)
2023-08-25 13:12:19 DEBUG PlatformDependent:1063 - Platform: Windows
2023-08-25 13:12:19 DEBUG PlatformDependent:178 - -Dio.netty.maxDirectMemory: -1 bytes
2023-08-25 13:12:19 DEBUG PlatformDependent:185 - -Dio.netty.uninitializedArrayAllocationThreshold: -1
2023-08-25 13:12:19 DEBUG CleanerJava9:71 - java.nio.ByteBuffer.cleaner(): available
2023-08-25 13:12:19 DEBUG PlatformDependent:205 - -Dio.netty.noPreferDirect: false
2023-08-25 13:12:19 DEBUG PlatformDependent:967 - org.jctools-core.MpscChunkedArrayQueue: available
2023-08-25 13:12:20 DEBUG InternalThreadLocalMap:83 - -Dio.netty.threadLocalMap.stringBuilder.initialSize: 1024
2023-08-25 13:12:20 DEBUG InternalThreadLocalMap:86 - -Dio.netty.threadLocalMap.stringBuilder.maxSize: 4096
2023-08-25 13:12:20 DEBUG JdkSslContext:97 - Default protocols (JDK): [TLSv1.3, TLSv1.2] 
2023-08-25 13:12:20 DEBUG JdkSslContext:98 - Default cipher suites (JDK): [TLS_ECDHE_ECDSA_WITH_AES_256_GCM_SHA384, TLS_ECDHE_ECDSA_WITH_AES_128_GCM_SHA256, TLS_ECDHE_RSA_WITH_AES_128_GCM_SHA256, TLS_ECDHE_RSA_WITH_AES_256_GCM_SHA384, TLS_ECDHE_RSA_WITH_AES_128_CBC_SHA, TLS_ECDHE_RSA_WITH_AES_256_CBC_SHA, TLS_RSA_WITH_AES_128_GCM_SHA256, TLS_RSA_WITH_AES_128_CBC_SHA, TLS_RSA_WITH_AES_256_CBC_SHA, TLS_AES_128_GCM_SHA256, TLS_AES_256_GCM_SHA384]
2023-08-25 13:12:20 DEBUG MultithreadEventLoopGroup:44 - -Dio.netty.eventLoopThreads: 8
2023-08-25 13:12:20 DEBUG NioEventLoop:106 - -Dio.netty.noKeySetOptimization: false
2023-08-25 13:12:20 DEBUG NioEventLoop:107 - -Dio.netty.selectorAutoRebuildThreshold: 512
2023-08-25 13:12:20 DEBUG PooledByteBufAllocator:155 - -Dio.netty.allocator.numHeapArenas: 8
2023-08-25 13:12:20 DEBUG PooledByteBufAllocator:156 - -Dio.netty.allocator.numDirectArenas: 8
2023-08-25 13:12:20 DEBUG PooledByteBufAllocator:158 - -Dio.netty.allocator.pageSize: 8192
2023-08-25 13:12:20 DEBUG PooledByteBufAllocator:163 - -Dio.netty.allocator.maxOrder: 11
2023-08-25 13:12:20 DEBUG PooledByteBufAllocator:167 - -Dio.netty.allocator.chunkSize: 16777216
2023-08-25 13:12:20 DEBUG PooledByteBufAllocator:168 - -Dio.netty.allocator.smallCacheSize: 256
2023-08-25 13:12:20 DEBUG PooledByteBufAllocator:169 - -Dio.netty.allocator.normalCacheSize: 64
2023-08-25 13:12:20 DEBUG PooledByteBufAllocator:170 - -Dio.netty.allocator.maxCachedBufferCapacity: 32768
2023-08-25 13:12:20 DEBUG PooledByteBufAllocator:171 - -Dio.netty.allocator.cacheTrimInterval: 8192
2023-08-25 13:12:20 DEBUG PooledByteBufAllocator:172 - -Dio.netty.allocator.cacheTrimIntervalMillis: 0
2023-08-25 13:12:20 DEBUG PooledByteBufAllocator:173 - -Dio.netty.allocator.useCacheForAllThreads: true
2023-08-25 13:12:20 DEBUG PooledByteBufAllocator:174 - -Dio.netty.allocator.maxCachedByteBuffersPerChunk: 1023
2023-08-25 13:12:20 DEBUG ByteBufUtil:87 - -Dio.netty.allocator.type: pooled
2023-08-25 13:12:20 DEBUG ByteBufUtil:96 - -Dio.netty.threadLocalDirectBufferSize: 0
2023-08-25 13:12:20 DEBUG ByteBufUtil:99 - -Dio.netty.maxThreadLocalCharBufferSize: 16384
2023-08-25 13:12:21 DEBUG DefaultChannelId:79 - -Dio.netty.processId: 8412 (auto-detected)
2023-08-25 13:12:21 DEBUG NetUtil:135 - -Djava.net.preferIPv4Stack: false
2023-08-25 13:12:21 DEBUG NetUtil:136 - -Djava.net.preferIPv6Addresses: false
2023-08-25 13:12:22 DEBUG NetUtilInitializations:129 - Loopback interface: lo (Software Loopback Interface 1, 127.0.0.1)
2023-08-25 13:12:22 DEBUG NetUtil:187 - Failed to get SOMAXCONN from sysctl and file \proc\sys\net\core\somaxconn. Default: 200
2023-08-25 13:12:22 DEBUG DefaultChannelId:101 - -Dio.netty.machineId: 80:2b:f9:ff:fe:2b:dc:cf (auto-detected)
2023-08-25 13:12:23 DEBUG AbstractByteBuf:63 - -Dio.netty.buffer.checkAccessible: true
2023-08-25 13:12:23 DEBUG AbstractByteBuf:64 - -Dio.netty.buffer.checkBounds: true
2023-08-25 13:12:23 DEBUG ResourceLeakDetectorFactory:196 - Loaded default ResourceLeakDetector: io.netty.util.ResourceLeakDetector@2960cb7d
2023-08-25 13:12:23 DEBUG Recycler:103 - -Dio.netty.recycler.maxCapacityPerThread: 4096
2023-08-25 13:12:23 DEBUG Recycler:104 - -Dio.netty.recycler.maxSharedCapacityFactor: 2
2023-08-25 13:12:23 DEBUG Recycler:105 - -Dio.netty.recycler.linkCapacity: 16
2023-08-25 13:12:23 DEBUG Recycler:106 - -Dio.netty.recycler.ratio: 8
2023-08-25 13:12:23 DEBUG Recycler:107 - -Dio.netty.recycler.delayedQueue.ratio: 8
2023-08-25 13:12:26 DEBUG Brotli:38 - brotli4j not in the classpath; Brotli support will be unavailable.
2023-08-25 13:12:27 INFO  111|Test browser methods:64 - Finished execuation of scenario : > *****111|Test browser methods *****
2023-08-25 13:12:27 INFO  111|Test browser methods:65 - [ closing driver ]
